# JRE version: Java(TM) SE Runtime Environment (8.0_20-b26) (build 1.8.0_20-b26)
# Java VM: Java HotSpot(TM) 64-Bit Server VM (25.20-b23 mixed mode windows-amd64 compressed oops)
Heap:
 PSYoungGen      total 232960K, used 19353K [0x00000000eab00000, 0x0000000100000000, 0x0000000100000000)
  eden space 116736K, 0% used [0x00000000eab00000,0x00000000eab00000,0x00000000f1d00000)
  from space 116224K, 16% used [0x00000000f1d00000,0x00000000f2fe66b0,0x00000000f8e80000)
  to   space 116224K, 0% used [0x00000000f8e80000,0x00000000f8e80000,0x0000000100000000)
 ParOldGen       total 262656K, used 259390K [0x00000000c0000000, 0x00000000d0080000, 0x00000000eab00000)
  object space 262656K, 98% used [0x00000000c0000000,0x00000000cfd4fbf0,0x00000000d0080000)
 Metaspace       used 5774K, capacity 6960K, committed 7040K, reserved 1056768K
  class space    used 563K, capacity 616K, committed 640K, reserved 1048576K
GC Heap History (10 events):
Event: 17.507 GC heap before
{Heap before GC invocations=11 (full 3):
 PSYoungGen      total 210432K, used 162304K [0x00000000eab00000, 0x0000000100000000, 0x0000000100000000)
  eden space 162304K, 100% used [0x00000000eab00000,0x00000000f4980000,0x00000000f4980000)
  from space 48128K, 0% used [0x00000000f4980000,0x00000000f4980000,0x00000000f7880000)
  to   space 74240K, 0% used [0x00000000fb780000,0x00000000fb780000,0x0000000100000000)
 ParOldGen       total 159232K, used 69476K [0x00000000c0000000, 0x00000000c9b80000, 0x00000000eab00000)
  object space 159232K, 43% used [0x00000000c0000000,0x00000000c43d9328,0x00000000c9b80000)
 Metaspace       used 5174K, capacity 6480K, committed 6784K, reserved 1056768K
  class space    used 531K, capacity 584K, committed 640K, reserved 1048576K
Event: 17.554 GC heap after
Heap after GC invocations=11 (full 3):
 PSYoungGen      total 276992K, used 42022K [0x00000000eab00000, 0x0000000100000000, 0x0000000100000000)
  eden space 202752K, 0% used [0x00000000eab00000,0x00000000eab00000,0x00000000f7100000)
  from space 74240K, 56% used [0x00000000fb780000,0x00000000fe0899a0,0x0000000100000000)
  to   space 72192K, 0% used [0x00000000f7100000,0x00000000f7100000,0x00000000fb780000)
 ParOldGen       total 159232K, used 69476K [0x00000000c0000000, 0x00000000c9b80000, 0x00000000eab00000)
  object space 159232K, 43% used [0x00000000c0000000,0x00000000c43d9328,0x00000000c9b80000)
 Metaspace       used 5174K, capacity 6480K, committed 6784K, reserved 1056768K
  class space    used 531K, capacity 584K, committed 640K, reserved 1048576K
}
Event: 18.495 GC heap before
{Heap before GC invocations=12 (full 3):
 PSYoungGen      total 276992K, used 244774K [0x00000000eab00000, 0x0000000100000000, 0x0000000100000000)
  eden space 202752K, 100% used [0x00000000eab00000,0x00000000f7100000,0x00000000f7100000)
  from space 74240K, 56% used [0x00000000fb780000,0x00000000fe0899a0,0x0000000100000000)
  to   space 72192K, 0% used [0x00000000f7100000,0x00000000f7100000,0x00000000fb780000)
 ParOldGen       total 159232K, used 69476K [0x00000000c0000000, 0x00000000c9b80000, 0x00000000eab00000)
  object space 159232K, 43% used [0x00000000c0000000,0x00000000c43d9328,0x00000000c9b80000)
 Metaspace       used 5194K, capacity 6544K, committed 6784K, reserved 1056768K
  class space    used 531K, capacity 584K, committed 640K, reserved 1048576K
Event: 18.557 GC heap after
Heap after GC invocations=12 (full 3):
 PSYoungGen      total 239616K, used 36393K [0x00000000eab00000, 0x00000000ff700000, 0x0000000100000000)
  eden space 202752K, 0% used [0x00000000eab00000,0x00000000eab00000,0x00000000f7100000)
  from space 36864K, 98% used [0x00000000f7100000,0x00000000f948a4f0,0x00000000f9500000)
  to   space 68608K, 0% used [0x00000000fb400000,0x00000000fb400000,0x00000000ff700000)
 ParOldGen       total 159232K, used 69484K [0x00000000c0000000, 0x00000000c9b80000, 0x00000000eab00000)
  object space 159232K, 43% used [0x00000000c0000000,0x00000000c43db328,0x00000000c9b80000)
 Metaspace       used 5194K, capacity 6544K, committed 6784K, reserved 1056768K
  class space    used 531K, capacity 584K, committed 640K, reserved 1048576K
}
Event: 19.121 GC heap before
{Heap before GC invocations=13 (full 3):
 PSYoungGen      total 239616K, used 239145K [0x00000000eab00000, 0x00000000ff700000, 0x0000000100000000)
  eden space 202752K, 100% used [0x00000000eab00000,0x00000000f7100000,0x00000000f7100000)
  from space 36864K, 98% used [0x00000000f7100000,0x00000000f948a4f0,0x00000000f9500000)
  to   space 68608K, 0% used [0x00000000fb400000,0x00000000fb400000,0x00000000ff700000)
 ParOldGen       total 159232K, used 69484K [0x00000000c0000000, 0x00000000c9b80000, 0x00000000eab00000)
  object space 159232K, 43% used [0x00000000c0000000,0x00000000c43db328,0x00000000c9b80000)
 Metaspace       used 5207K, capacity 6544K, committed 6784K, reserved 1056768K
  class space    used 531K, capacity 584K, committed 640K, reserved 1048576K
Event: 19.192 GC heap after
Heap after GC invocations=13 (full 3):
 PSYoungGen      total 254976K, used 68603K [0x00000000eab00000, 0x0000000100000000, 0x0000000100000000)
  eden space 186368K, 0% used [0x00000000eab00000,0x00000000eab00000,0x00000000f6100000)
  from space 68608K, 99% used [0x00000000fb400000,0x00000000ff6fed10,0x00000000ff700000)
  to   space 81408K, 0% used [0x00000000f6100000,0x00000000f6100000,0x00000000fb080000)
 ParOldGen       total 159232K, used 79712K [0x00000000c0000000, 0x00000000c9b80000, 0x00000000eab00000)
  object space 159232K, 50% used [0x00000000c0000000,0x00000000c4dd8078,0x00000000c9b80000)
 Metaspace       used 5207K, capacity 6544K, committed 6784K, reserved 1056768K
  class space    used 531K, capacity 584K, committed 640K, reserved 1048576K
}
Event: 19.949 GC heap before
{Heap before GC invocations=14 (full 3):
 PSYoungGen      total 254976K, used 254971K [0x00000000eab00000, 0x0000000100000000, 0x0000000100000000)
  eden space 186368K, 100% used [0x00000000eab00000,0x00000000f6100000,0x00000000f6100000)
  from space 68608K, 99% used [0x00000000fb400000,0x00000000ff6fed10,0x00000000ff700000)
  to   space 81408K, 0% used [0x00000000f6100000,0x00000000f6100000,0x00000000fb080000)
 ParOldGen       total 159232K, used 79712K [0x00000000c0000000, 0x00000000c9b80000, 0x00000000eab00000)
  object space 159232K, 50% used [0x00000000c0000000,0x00000000c4dd8078,0x00000000c9b80000)
 Metaspace       used 5218K, capacity 6544K, committed 6784K, reserved 1056768K
  class space    used 531K, capacity 584K, committed 640K, reserved 1048576K
Event: 20.044 GC heap after
Heap after GC invocations=14 (full 3):
 PSYoungGen      total 263680K, used 77016K [0x00000000eab00000, 0x0000000100000000, 0x0000000100000000)
  eden space 186368K, 0% used [0x00000000eab00000,0x00000000eab00000,0x00000000f6100000)
  from space 77312K, 99% used [0x00000000f6100000,0x00000000fac36078,0x00000000fac80000)
  to   space 85504K, 0% used [0x00000000fac80000,0x00000000fac80000,0x0000000100000000)
 ParOldGen       total 159232K, used 79712K [0x00000000c0000000, 0x00000000c9b80000, 0x00000000eab00000)
  object space 159232K, 50% used [0x00000000c0000000,0x00000000c4dd8078,0x00000000c9b80000)
 Metaspace       used 5218K, capacity 6544K, committed 6784K, reserved 1056768K
  class space    used 531K, capacity 584K, committed 640K, reserved 1048576K
}
Event: 21.677 GC heap before
{Heap before GC invocations=15 (full 3):
 PSYoungGen      total 263680K, used 263384K [0x00000000eab00000, 0x0000000100000000, 0x0000000100000000)
  eden space 186368K, 100% used [0x00000000eab00000,0x00000000f6100000,0x00000000f6100000)
  from space 77312K, 99% used [0x00000000f6100000,0x00000000fac36078,0x00000000fac80000)
  to   space 85504K, 0% used [0x00000000fac80000,0x00000000fac80000,0x0000000100000000)
 ParOldGen       total 159232K, used 79712K [0x00000000c0000000, 0x00000000c9b80000, 0x00000000eab00000)
  object space 159232K, 50% used [0x00000000c0000000,0x00000000c4dd8078,0x00000000c9b80000)
 Metaspace       used 5576K, capacity 6832K, committed 7040K, reserved 1056768K
  class space    used 543K, capacity 616K, committed 640K, reserved 1048576K
Event: 21.823 GC heap after
Heap after GC invocations=15 (full 3):
 PSYoungGen      total 245248K, used 66689K [0x00000000eab00000, 0x0000000100000000, 0x0000000100000000)
  eden space 159744K, 0% used [0x00000000eab00000,0x00000000eab00000,0x00000000f4700000)
  from space 85504K, 77% used [0x00000000fac80000,0x00000000feda0690,0x0000000100000000)
  to   space 94720K, 0% used [0x00000000f4700000,0x00000000f4700000,0x00000000fa380000)
 ParOldGen       total 159232K, used 79720K [0x00000000c0000000, 0x00000000c9b80000, 0x00000000eab00000)
  object space 159232K, 50% used [0x00000000c0000000,0x00000000c4dda078,0x00000000c9b80000)
 Metaspace       used 5576K, capacity 6832K, committed 7040K, reserved 1056768K
  class space    used 543K, capacity 616K, committed 640K, reserved 1048576K
}

